This is pdfTeX, Version 3.141592653-2.6-1.40.24 (MiKTeX 22.3) (preloaded format=pdflatex 2022.4.1)  10 MAY 2022 15:29
entering extended mode
 restricted \write18 enabled.
 %&-line parsing enabled.
**./legend.tex
(legend.tex
LaTeX2e <2021-11-15> patch level 1
L3 programming layer <2022-02-24>
(C:\Users\Gunther Husselmann\AppData\Local\Programs\MiKTeX\tex/latex/standalone
\standalone.cls
Document Class: standalone 2018/03/26 v1.3a Class to compile TeX sub-files stan
dalone

(C:\Users\Gunther Husselmann\AppData\Local\Programs\MiKTeX\tex/latex/tools\shel
lesc.sty
Package: shellesc 2019/11/08 v1.0c unified shell escape interface for LaTeX
Package shellesc Info: Restricted shell escape enabled on input line 77.
)
(C:\Users\Gunther Husselmann\AppData\Local\Programs\MiKTeX\tex/generic/iftex\if
luatex.sty
Package: ifluatex 2019/10/25 v1.5 ifluatex legacy package. Use iftex instead.

(C:\Users\Gunther Husselmann\AppData\Local\Programs\MiKTeX\tex/generic/iftex\if
tex.sty
Package: iftex 2022/02/03 v1.0f TeX engine tests
))
(C:\Users\Gunther Husselmann\AppData\Local\Programs\MiKTeX\tex/latex/xkeyval\xk
eyval.sty
Package: xkeyval 2020/11/20 v2.8 package option processing (HA)

(C:\Users\Gunther Husselmann\AppData\Local\Programs\MiKTeX\tex/generic/xkeyval\
xkeyval.tex
(C:\Users\Gunther Husselmann\AppData\Local\Programs\MiKTeX\tex/generic/xkeyval\
xkvutils.tex
\XKV@toks=\toks16
\XKV@tempa@toks=\toks17

(C:\Users\Gunther Husselmann\AppData\Local\Programs\MiKTeX\tex/generic/xkeyval\
keyval.tex))
\XKV@depth=\count185
File: xkeyval.tex 2014/12/03 v2.7a key=value parser (HA)
))
\sa@internal=\count186
\c@sapage=\count187

(C:\Users\Gunther Husselmann\AppData\Local\Programs\MiKTeX\tex/latex/standalone
\standalone.cfg
File: standalone.cfg 2018/03/26 v1.3a Default configuration file for 'standalon
e' class
)
(C:\Users\Gunther Husselmann\AppData\Local\Programs\MiKTeX\tex/latex/base\artic
le.cls
Document Class: article 2021/10/04 v1.4n Standard LaTeX document class

(C:\Users\Gunther Husselmann\AppData\Local\Programs\MiKTeX\tex/latex/base\size1
0.clo
File: size10.clo 2021/10/04 v1.4n Standard LaTeX file (size option)
)
\c@part=\count188
\c@section=\count189
\c@subsection=\count190
\c@subsubsection=\count191
\c@paragraph=\count192
\c@subparagraph=\count193
\c@figure=\count194
\c@table=\count195
\abovecaptionskip=\skip47
\belowcaptionskip=\skip48
\bibindent=\dimen138
)
\sa@box=\box50
)
(C:\Users\Gunther Husselmann\AppData\Local\Programs\MiKTeX\tex/latex/pgf/fronte
ndlayer\tikz.sty
(C:\Users\Gunther Husselmann\AppData\Local\Programs\MiKTeX\tex/latex/pgf/basicl
ayer\pgf.sty
(C:\Users\Gunther Husselmann\AppData\Local\Programs\MiKTeX\tex/latex/pgf/utilit
ies\pgfrcs.sty
(C:\Users\Gunther Husselmann\AppData\Local\Programs\MiKTeX\tex/generic/pgf/util
ities\pgfutil-common.tex
\pgfutil@everybye=\toks18
\pgfutil@tempdima=\dimen139
\pgfutil@tempdimb=\dimen140

(C:\Users\Gunther Husselmann\AppData\Local\Programs\MiKTeX\tex/generic/pgf/util
ities\pgfutil-common-lists.tex))
(C:\Users\Gunther Husselmann\AppData\Local\Programs\MiKTeX\tex/generic/pgf/util
ities\pgfutil-latex.def
\pgfutil@abb=\box51
)
(C:\Users\Gunther Husselmann\AppData\Local\Programs\MiKTeX\tex/generic/pgf/util
ities\pgfrcs.code.tex
(C:\Users\Gunther Husselmann\AppData\Local\Programs\MiKTeX\tex/generic/pgf\pgf.
revision.tex)
Package: pgfrcs 2021/05/15 v3.1.9a (3.1.9a)
))
Package: pgf 2021/05/15 v3.1.9a (3.1.9a)

(C:\Users\Gunther Husselmann\AppData\Local\Programs\MiKTeX\tex/latex/pgf/basicl
ayer\pgfcore.sty
(C:\Users\Gunther Husselmann\AppData\Local\Programs\MiKTeX\tex/latex/graphics\g
raphicx.sty
Package: graphicx 2021/09/16 v1.2d Enhanced LaTeX Graphics (DPC,SPQR)

(C:\Users\Gunther Husselmann\AppData\Local\Programs\MiKTeX\tex/latex/graphics\g
raphics.sty
Package: graphics 2021/03/04 v1.4d Standard LaTeX Graphics (DPC,SPQR)

(C:\Users\Gunther Husselmann\AppData\Local\Programs\MiKTeX\tex/latex/graphics\t
rig.sty
Package: trig 2021/08/11 v1.11 sin cos tan (DPC)
)
(C:\Users\Gunther Husselmann\AppData\Local\Programs\MiKTeX\tex/latex/graphics-c
fg\graphics.cfg
File: graphics.cfg 2016/06/04 v1.11 sample graphics configuration
)
Package graphics Info: Driver file: pdftex.def on input line 107.

(C:\Users\Gunther Husselmann\AppData\Local\Programs\MiKTeX\tex/latex/graphics-d
ef\pdftex.def
File: pdftex.def 2020/10/05 v1.2a Graphics/color driver for pdftex
))
\Gin@req@height=\dimen141
\Gin@req@width=\dimen142
)
(C:\Users\Gunther Husselmann\AppData\Local\Programs\MiKTeX\tex/latex/pgf/system
layer\pgfsys.sty
(C:\Users\Gunther Husselmann\AppData\Local\Programs\MiKTeX\tex/generic/pgf/syst
emlayer\pgfsys.code.tex
Package: pgfsys 2021/05/15 v3.1.9a (3.1.9a)

(C:\Users\Gunther Husselmann\AppData\Local\Programs\MiKTeX\tex/generic/pgf/util
ities\pgfkeys.code.tex
\pgfkeys@pathtoks=\toks19
\pgfkeys@temptoks=\toks20

(C:\Users\Gunther Husselmann\AppData\Local\Programs\MiKTeX\tex/generic/pgf/util
ities\pgfkeysfiltered.code.tex
\pgfkeys@tmptoks=\toks21
))
\pgf@x=\dimen143
\pgf@y=\dimen144
\pgf@xa=\dimen145
\pgf@ya=\dimen146
\pgf@xb=\dimen147
\pgf@yb=\dimen148
\pgf@xc=\dimen149
\pgf@yc=\dimen150
\pgf@xd=\dimen151
\pgf@yd=\dimen152
\w@pgf@writea=\write3
\r@pgf@reada=\read2
\c@pgf@counta=\count196
\c@pgf@countb=\count197
\c@pgf@countc=\count198
\c@pgf@countd=\count199
\t@pgf@toka=\toks22
\t@pgf@tokb=\toks23
\t@pgf@tokc=\toks24
\pgf@sys@id@count=\count266

(C:\Users\Gunther Husselmann\AppData\Local\Programs\MiKTeX\tex/generic/pgf/syst
emlayer\pgf.cfg
File: pgf.cfg 2021/05/15 v3.1.9a (3.1.9a)
)
Driver file for pgf: pgfsys-pdftex.def

(C:\Users\Gunther Husselmann\AppData\Local\Programs\MiKTeX\tex/generic/pgf/syst
emlayer\pgfsys-pdftex.def
File: pgfsys-pdftex.def 2021/05/15 v3.1.9a (3.1.9a)

(C:\Users\Gunther Husselmann\AppData\Local\Programs\MiKTeX\tex/generic/pgf/syst
emlayer\pgfsys-common-pdf.def
File: pgfsys-common-pdf.def 2021/05/15 v3.1.9a (3.1.9a)
)))
(C:\Users\Gunther Husselmann\AppData\Local\Programs\MiKTeX\tex/generic/pgf/syst
emlayer\pgfsyssoftpath.code.tex
File: pgfsyssoftpath.code.tex 2021/05/15 v3.1.9a (3.1.9a)
\pgfsyssoftpath@smallbuffer@items=\count267
\pgfsyssoftpath@bigbuffer@items=\count268
)
(C:\Users\Gunther Husselmann\AppData\Local\Programs\MiKTeX\tex/generic/pgf/syst
emlayer\pgfsysprotocol.code.tex
File: pgfsysprotocol.code.tex 2021/05/15 v3.1.9a (3.1.9a)
))
(C:\Users\Gunther Husselmann\AppData\Local\Programs\MiKTeX\tex/latex/xcolor\xco
lor.sty
Package: xcolor 2021/10/31 v2.13 LaTeX color extensions (UK)

(C:\Users\Gunther Husselmann\AppData\Local\Programs\MiKTeX\tex/latex/graphics-c
fg\color.cfg
File: color.cfg 2016/01/02 v1.6 sample color configuration
)
Package xcolor Info: Driver file: pdftex.def on input line 227.
Package xcolor Info: Model `cmy' substituted by `cmy0' on input line 1352.
Package xcolor Info: Model `hsb' substituted by `rgb' on input line 1356.
Package xcolor Info: Model `RGB' extended on input line 1368.
Package xcolor Info: Model `HTML' substituted by `rgb' on input line 1370.
Package xcolor Info: Model `Hsb' substituted by `hsb' on input line 1371.
Package xcolor Info: Model `tHsb' substituted by `hsb' on input line 1372.
Package xcolor Info: Model `HSB' substituted by `hsb' on input line 1373.
Package xcolor Info: Model `Gray' substituted by `gray' on input line 1374.
Package xcolor Info: Model `wave' substituted by `hsb' on input line 1375.
)
(C:\Users\Gunther Husselmann\AppData\Local\Programs\MiKTeX\tex/generic/pgf/basi
clayer\pgfcore.code.tex
Package: pgfcore 2021/05/15 v3.1.9a (3.1.9a)

(C:\Users\Gunther Husselmann\AppData\Local\Programs\MiKTeX\tex/generic/pgf/math
\pgfmath.code.tex
(C:\Users\Gunther Husselmann\AppData\Local\Programs\MiKTeX\tex/generic/pgf/math
\pgfmathcalc.code.tex
(C:\Users\Gunther Husselmann\AppData\Local\Programs\MiKTeX\tex/generic/pgf/math
\pgfmathutil.code.tex)
(C:\Users\Gunther Husselmann\AppData\Local\Programs\MiKTeX\tex/generic/pgf/math
\pgfmathparser.code.tex
\pgfmath@dimen=\dimen153
\pgfmath@count=\count269
\pgfmath@box=\box52
\pgfmath@toks=\toks25
\pgfmath@stack@operand=\toks26
\pgfmath@stack@operation=\toks27
)
(C:\Users\Gunther Husselmann\AppData\Local\Programs\MiKTeX\tex/generic/pgf/math
\pgfmathfunctions.code.tex
(C:\Users\Gunther Husselmann\AppData\Local\Programs\MiKTeX\tex/generic/pgf/math
\pgfmathfunctions.basic.code.tex)
(C:\Users\Gunther Husselmann\AppData\Local\Programs\MiKTeX\tex/generic/pgf/math
\pgfmathfunctions.trigonometric.code.tex)
(C:\Users\Gunther Husselmann\AppData\Local\Programs\MiKTeX\tex/generic/pgf/math
\pgfmathfunctions.random.code.tex)
(C:\Users\Gunther Husselmann\AppData\Local\Programs\MiKTeX\tex/generic/pgf/math
\pgfmathfunctions.comparison.code.tex)
(C:\Users\Gunther Husselmann\AppData\Local\Programs\MiKTeX\tex/generic/pgf/math
\pgfmathfunctions.base.code.tex)
(C:\Users\Gunther Husselmann\AppData\Local\Programs\MiKTeX\tex/generic/pgf/math
\pgfmathfunctions.round.code.tex)
(C:\Users\Gunther Husselmann\AppData\Local\Programs\MiKTeX\tex/generic/pgf/math
\pgfmathfunctions.misc.code.tex)
(C:\Users\Gunther Husselmann\AppData\Local\Programs\MiKTeX\tex/generic/pgf/math
\pgfmathfunctions.integerarithmetics.code.tex)))
(C:\Users\Gunther Husselmann\AppData\Local\Programs\MiKTeX\tex/generic/pgf/math
\pgfmathfloat.code.tex
\c@pgfmathroundto@lastzeros=\count270
))
(C:\Users\Gunther Husselmann\AppData\Local\Programs\MiKTeX\tex/generic/pgf/math
\pgfint.code.tex)
(C:\Users\Gunther Husselmann\AppData\Local\Programs\MiKTeX\tex/generic/pgf/basi
clayer\pgfcorepoints.code.tex
File: pgfcorepoints.code.tex 2021/05/15 v3.1.9a (3.1.9a)
\pgf@picminx=\dimen154
\pgf@picmaxx=\dimen155
\pgf@picminy=\dimen156
\pgf@picmaxy=\dimen157
\pgf@pathminx=\dimen158
\pgf@pathmaxx=\dimen159
\pgf@pathminy=\dimen160
\pgf@pathmaxy=\dimen161
\pgf@xx=\dimen162
\pgf@xy=\dimen163
\pgf@yx=\dimen164
\pgf@yy=\dimen165
\pgf@zx=\dimen166
\pgf@zy=\dimen167
)
(C:\Users\Gunther Husselmann\AppData\Local\Programs\MiKTeX\tex/generic/pgf/basi
clayer\pgfcorepathconstruct.code.tex
File: pgfcorepathconstruct.code.tex 2021/05/15 v3.1.9a (3.1.9a)
\pgf@path@lastx=\dimen168
\pgf@path@lasty=\dimen169
)
(C:\Users\Gunther Husselmann\AppData\Local\Programs\MiKTeX\tex/generic/pgf/basi
clayer\pgfcorepathusage.code.tex
File: pgfcorepathusage.code.tex 2021/05/15 v3.1.9a (3.1.9a)
\pgf@shorten@end@additional=\dimen170
\pgf@shorten@start@additional=\dimen171
)
(C:\Users\Gunther Husselmann\AppData\Local\Programs\MiKTeX\tex/generic/pgf/basi
clayer\pgfcorescopes.code.tex
File: pgfcorescopes.code.tex 2021/05/15 v3.1.9a (3.1.9a)
\pgfpic=\box53
\pgf@hbox=\box54
\pgf@layerbox@main=\box55
\pgf@picture@serial@count=\count271
)
(C:\Users\Gunther Husselmann\AppData\Local\Programs\MiKTeX\tex/generic/pgf/basi
clayer\pgfcoregraphicstate.code.tex
File: pgfcoregraphicstate.code.tex 2021/05/15 v3.1.9a (3.1.9a)
\pgflinewidth=\dimen172
)
(C:\Users\Gunther Husselmann\AppData\Local\Programs\MiKTeX\tex/generic/pgf/basi
clayer\pgfcoretransformations.code.tex
File: pgfcoretransformations.code.tex 2021/05/15 v3.1.9a (3.1.9a)
\pgf@pt@x=\dimen173
\pgf@pt@y=\dimen174
\pgf@pt@temp=\dimen175
)
(C:\Users\Gunther Husselmann\AppData\Local\Programs\MiKTeX\tex/generic/pgf/basi
clayer\pgfcorequick.code.tex
File: pgfcorequick.code.tex 2021/05/15 v3.1.9a (3.1.9a)
)
(C:\Users\Gunther Husselmann\AppData\Local\Programs\MiKTeX\tex/generic/pgf/basi
clayer\pgfcoreobjects.code.tex
File: pgfcoreobjects.code.tex 2021/05/15 v3.1.9a (3.1.9a)
)
(C:\Users\Gunther Husselmann\AppData\Local\Programs\MiKTeX\tex/generic/pgf/basi
clayer\pgfcorepathprocessing.code.tex
File: pgfcorepathprocessing.code.tex 2021/05/15 v3.1.9a (3.1.9a)
)
(C:\Users\Gunther Husselmann\AppData\Local\Programs\MiKTeX\tex/generic/pgf/basi
clayer\pgfcorearrows.code.tex
File: pgfcorearrows.code.tex 2021/05/15 v3.1.9a (3.1.9a)
\pgfarrowsep=\dimen176
)
(C:\Users\Gunther Husselmann\AppData\Local\Programs\MiKTeX\tex/generic/pgf/basi
clayer\pgfcoreshade.code.tex
File: pgfcoreshade.code.tex 2021/05/15 v3.1.9a (3.1.9a)
\pgf@max=\dimen177
\pgf@sys@shading@range@num=\count272
\pgf@shadingcount=\count273
)
(C:\Users\Gunther Husselmann\AppData\Local\Programs\MiKTeX\tex/generic/pgf/basi
clayer\pgfcoreimage.code.tex
File: pgfcoreimage.code.tex 2021/05/15 v3.1.9a (3.1.9a)

(C:\Users\Gunther Husselmann\AppData\Local\Programs\MiKTeX\tex/generic/pgf/basi
clayer\pgfcoreexternal.code.tex
File: pgfcoreexternal.code.tex 2021/05/15 v3.1.9a (3.1.9a)
\pgfexternal@startupbox=\box56
))
(C:\Users\Gunther Husselmann\AppData\Local\Programs\MiKTeX\tex/generic/pgf/basi
clayer\pgfcorelayers.code.tex
File: pgfcorelayers.code.tex 2021/05/15 v3.1.9a (3.1.9a)
)
(C:\Users\Gunther Husselmann\AppData\Local\Programs\MiKTeX\tex/generic/pgf/basi
clayer\pgfcoretransparency.code.tex
File: pgfcoretransparency.code.tex 2021/05/15 v3.1.9a (3.1.9a)
)
(C:\Users\Gunther Husselmann\AppData\Local\Programs\MiKTeX\tex/generic/pgf/basi
clayer\pgfcorepatterns.code.tex
File: pgfcorepatterns.code.tex 2021/05/15 v3.1.9a (3.1.9a)
)
(C:\Users\Gunther Husselmann\AppData\Local\Programs\MiKTeX\tex/generic/pgf/basi
clayer\pgfcorerdf.code.tex
File: pgfcorerdf.code.tex 2021/05/15 v3.1.9a (3.1.9a)
)))
(C:\Users\Gunther Husselmann\AppData\Local\Programs\MiKTeX\tex/generic/pgf/modu
les\pgfmoduleshapes.code.tex
File: pgfmoduleshapes.code.tex 2021/05/15 v3.1.9a (3.1.9a)
\pgfnodeparttextbox=\box57
)
(C:\Users\Gunther Husselmann\AppData\Local\Programs\MiKTeX\tex/generic/pgf/modu
les\pgfmoduleplot.code.tex
File: pgfmoduleplot.code.tex 2021/05/15 v3.1.9a (3.1.9a)
)
(C:\Users\Gunther Husselmann\AppData\Local\Programs\MiKTeX\tex/latex/pgf/compat
ibility\pgfcomp-version-0-65.sty
Package: pgfcomp-version-0-65 2021/05/15 v3.1.9a (3.1.9a)
\pgf@nodesepstart=\dimen178
\pgf@nodesepend=\dimen179
)
(C:\Users\Gunther Husselmann\AppData\Local\Programs\MiKTeX\tex/latex/pgf/compat
ibility\pgfcomp-version-1-18.sty
Package: pgfcomp-version-1-18 2021/05/15 v3.1.9a (3.1.9a)
))
(C:\Users\Gunther Husselmann\AppData\Local\Programs\MiKTeX\tex/latex/pgf/utilit
ies\pgffor.sty
(C:\Users\Gunther Husselmann\AppData\Local\Programs\MiKTeX\tex/latex/pgf/utilit
ies\pgfkeys.sty
(C:\Users\Gunther Husselmann\AppData\Local\Programs\MiKTeX\tex/generic/pgf/util
ities\pgfkeys.code.tex))
(C:\Users\Gunther Husselmann\AppData\Local\Programs\MiKTeX\tex/latex/pgf/math\p
gfmath.sty
(C:\Users\Gunther Husselmann\AppData\Local\Programs\MiKTeX\tex/generic/pgf/math
\pgfmath.code.tex))
(C:\Users\Gunther Husselmann\AppData\Local\Programs\MiKTeX\tex/generic/pgf/util
ities\pgffor.code.tex
Package: pgffor 2021/05/15 v3.1.9a (3.1.9a)

(C:\Users\Gunther Husselmann\AppData\Local\Programs\MiKTeX\tex/generic/pgf/math
\pgfmath.code.tex)
\pgffor@iter=\dimen180
\pgffor@skip=\dimen181
\pgffor@stack=\toks28
\pgffor@toks=\toks29
))
(C:\Users\Gunther Husselmann\AppData\Local\Programs\MiKTeX\tex/generic/pgf/fron
tendlayer/tikz\tikz.code.tex
Package: tikz 2021/05/15 v3.1.9a (3.1.9a)

(C:\Users\Gunther Husselmann\AppData\Local\Programs\MiKTeX\tex/generic/pgf/libr
aries\pgflibraryplothandlers.code.tex
File: pgflibraryplothandlers.code.tex 2021/05/15 v3.1.9a (3.1.9a)
\pgf@plot@mark@count=\count274
\pgfplotmarksize=\dimen182
)
\tikz@lastx=\dimen183
\tikz@lasty=\dimen184
\tikz@lastxsaved=\dimen185
\tikz@lastysaved=\dimen186
\tikz@lastmovetox=\dimen187
\tikz@lastmovetoy=\dimen188
\tikzleveldistance=\dimen189
\tikzsiblingdistance=\dimen190
\tikz@figbox=\box58
\tikz@figbox@bg=\box59
\tikz@tempbox=\box60
\tikz@tempbox@bg=\box61
\tikztreelevel=\count275
\tikznumberofchildren=\count276
\tikznumberofcurrentchild=\count277
\tikz@fig@count=\count278

(C:\Users\Gunther Husselmann\AppData\Local\Programs\MiKTeX\tex/generic/pgf/modu
les\pgfmodulematrix.code.tex
File: pgfmodulematrix.code.tex 2021/05/15 v3.1.9a (3.1.9a)
\pgfmatrixcurrentrow=\count279
\pgfmatrixcurrentcolumn=\count280
\pgf@matrix@numberofcolumns=\count281
)
\tikz@expandcount=\count282

(C:\Users\Gunther Husselmann\AppData\Local\Programs\MiKTeX\tex/generic/pgf/fron
tendlayer/tikz/libraries\tikzlibrarytopaths.code.tex
File: tikzlibrarytopaths.code.tex 2021/05/15 v3.1.9a (3.1.9a)
)))
(C:\Users\Gunther Husselmann\AppData\Local\Programs\MiKTeX\tex/latex/pgfplots\p
gfplots.sty
(C:\Users\Gunther Husselmann\AppData\Local\Programs\MiKTeX\tex/generic/pgfplots
\pgfplots.revision.tex)
Package: pgfplots 2021/05/15 v1.18.1 Data Visualization (1.18.1)

(C:\Users\Gunther Husselmann\AppData\Local\Programs\MiKTeX\tex/generic/pgfplots
\pgfplots.code.tex
(C:\Users\Gunther Husselmann\AppData\Local\Programs\MiKTeX\tex/generic/pgfplots
\pgfplotscore.code.tex
\t@pgfplots@toka=\toks30
\t@pgfplots@tokb=\toks31
\t@pgfplots@tokc=\toks32
\pgfplots@tmpa=\dimen191
\c@pgfplots@coordindex=\count283
\c@pgfplots@scanlineindex=\count284

(C:\Users\Gunther Husselmann\AppData\Local\Programs\MiKTeX\tex/generic/pgfplots
/sys\pgfplotssysgeneric.code.tex))
(C:\Users\Gunther Husselmann\AppData\Local\Programs\MiKTeX\tex/generic/pgfplots
/libs\pgfplotslibrary.code.tex)
(C:\Users\Gunther Husselmann\AppData\Local\Programs\MiKTeX\tex/generic/pgfplots
/oldpgfcompatib\pgfplotsoldpgfsupp_loader.code.tex
(C:\Users\Gunther Husselmann\AppData\Local\Programs\MiKTeX\tex/generic/pgf/libr
aries\pgflibraryfpu.code.tex))
(C:\Users\Gunther Husselmann\AppData\Local\Programs\MiKTeX\tex/generic/pgfplots
/util\pgfplotsutil.code.tex
(C:\Users\Gunther Husselmann\AppData\Local\Programs\MiKTeX\tex/generic/pgfplots
/liststructure\pgfplotsliststructure.code.tex)
(C:\Users\Gunther Husselmann\AppData\Local\Programs\MiKTeX\tex/generic/pgfplots
/liststructure\pgfplotsliststructureext.code.tex)
(C:\Users\Gunther Husselmann\AppData\Local\Programs\MiKTeX\tex/generic/pgfplots
/liststructure\pgfplotsarray.code.tex
\c@pgfplotsarray@tmp=\count285
)
(C:\Users\Gunther Husselmann\AppData\Local\Programs\MiKTeX\tex/generic/pgfplots
/liststructure\pgfplotsmatrix.code.tex)
(C:\Users\Gunther Husselmann\AppData\Local\Programs\MiKTeX\tex/generic/pgfplots
/numtable\pgfplotstableshared.code.tex
\c@pgfplotstable@counta=\count286
\t@pgfplotstable@a=\toks33
)
(C:\Users\Gunther Husselmann\AppData\Local\Programs\MiKTeX\tex/generic/pgfplots
/liststructure\pgfplotsdeque.code.tex)
(C:\Users\Gunther Husselmann\AppData\Local\Programs\MiKTeX\tex/generic/pgfplots
/util\pgfplotsbinary.code.tex
(C:\Users\Gunther Husselmann\AppData\Local\Programs\MiKTeX\tex/generic/pgfplots
/util\pgfplotsbinary.data.code.tex))
(C:\Users\Gunther Husselmann\AppData\Local\Programs\MiKTeX\tex/generic/pgfplots
/util\pgfplotsutil.verb.code.tex)
(C:\Users\Gunther Husselmann\AppData\Local\Programs\MiKTeX\tex/generic/pgfplots
/libs\pgflibrarypgfplots.surfshading.code.tex
\c@pgfplotslibrarysurf@no=\count287

(C:\Users\Gunther Husselmann\AppData\Local\Programs\MiKTeX\tex/generic/pgfplots
/sys\pgflibrarypgfplots.surfshading.pgfsys-pdftex.def)))
(C:\Users\Gunther Husselmann\AppData\Local\Programs\MiKTeX\tex/generic/pgfplots
/util\pgfplotscolormap.code.tex
(C:\Users\Gunther Husselmann\AppData\Local\Programs\MiKTeX\tex/generic/pgfplots
/util\pgfplotscolor.code.tex))
(C:\Users\Gunther Husselmann\AppData\Local\Programs\MiKTeX\tex/generic/pgfplots
\pgfplotsstackedplots.code.tex)
(C:\Users\Gunther Husselmann\AppData\Local\Programs\MiKTeX\tex/generic/pgfplots
\pgfplotsplothandlers.code.tex
(C:\Users\Gunther Husselmann\AppData\Local\Programs\MiKTeX\tex/generic/pgfplots
\pgfplotsmeshplothandler.code.tex
(C:\Users\Gunther Husselmann\AppData\Local\Programs\MiKTeX\tex/generic/pgfplots
\pgfplotsmeshplotimage.code.tex)))
(C:\Users\Gunther Husselmann\AppData\Local\Programs\MiKTeX\tex/generic/pgfplots
\pgfplots.scaling.code.tex)
(C:\Users\Gunther Husselmann\AppData\Local\Programs\MiKTeX\tex/generic/pgfplots
\pgfplotscoordprocessing.code.tex)
(C:\Users\Gunther Husselmann\AppData\Local\Programs\MiKTeX\tex/generic/pgfplots
\pgfplots.errorbars.code.tex)
(C:\Users\Gunther Husselmann\AppData\Local\Programs\MiKTeX\tex/generic/pgfplots
\pgfplots.markers.code.tex)
(C:\Users\Gunther Husselmann\AppData\Local\Programs\MiKTeX\tex/generic/pgfplots
\pgfplotsticks.code.tex)
(C:\Users\Gunther Husselmann\AppData\Local\Programs\MiKTeX\tex/generic/pgfplots
\pgfplots.paths.code.tex)
(C:\Users\Gunther Husselmann\AppData\Local\Programs\MiKTeX\tex/generic/pgf/fron
tendlayer/tikz/libraries\tikzlibrarydecorations.code.tex
(C:\Users\Gunther Husselmann\AppData\Local\Programs\MiKTeX\tex/generic/pgf/modu
les\pgfmoduledecorations.code.tex
\pgfdecoratedcompleteddistance=\dimen192
\pgfdecoratedremainingdistance=\dimen193
\pgfdecoratedinputsegmentcompleteddistance=\dimen194
\pgfdecoratedinputsegmentremainingdistance=\dimen195
\pgf@decorate@distancetomove=\dimen196
\pgf@decorate@repeatstate=\count288
\pgfdecorationsegmentamplitude=\dimen197
\pgfdecorationsegmentlength=\dimen198
)
\tikz@lib@dec@box=\box62
)
(C:\Users\Gunther Husselmann\AppData\Local\Programs\MiKTeX\tex/generic/pgf/fron
tendlayer/tikz/libraries\tikzlibrarydecorations.pathmorphing.code.tex
(C:\Users\Gunther Husselmann\AppData\Local\Programs\MiKTeX\tex/generic/pgf/libr
aries/decorations\pgflibrarydecorations.pathmorphing.code.tex))
(C:\Users\Gunther Husselmann\AppData\Local\Programs\MiKTeX\tex/generic/pgf/fron
tendlayer/tikz/libraries\tikzlibrarydecorations.pathreplacing.code.tex
(C:\Users\Gunther Husselmann\AppData\Local\Programs\MiKTeX\tex/generic/pgf/libr
aries/decorations\pgflibrarydecorations.pathreplacing.code.tex))
(C:\Users\Gunther Husselmann\AppData\Local\Programs\MiKTeX\tex/generic/pgfplots
/libs\tikzlibrarypgfplots.contourlua.code.tex)
\pgfplots@numplots=\count289
\pgfplots@xmin@reg=\dimen199
\pgfplots@xmax@reg=\dimen256
\pgfplots@ymin@reg=\dimen257
\pgfplots@ymax@reg=\dimen258
\pgfplots@zmin@reg=\dimen259
\pgfplots@zmax@reg=\dimen260
)
(C:\Users\Gunther Husselmann\AppData\Local\Programs\MiKTeX\tex/generic/pgf/fron
tendlayer/tikz/libraries\tikzlibraryplotmarks.code.tex
File: tikzlibraryplotmarks.code.tex 2021/05/15 v3.1.9a (3.1.9a)

(C:\Users\Gunther Husselmann\AppData\Local\Programs\MiKTeX\tex/generic/pgf/libr
aries\pgflibraryplotmarks.code.tex
File: pgflibraryplotmarks.code.tex 2021/05/15 v3.1.9a (3.1.9a)
)))
(C:\Users\Gunther Husselmann\AppData\Local\Programs\MiKTeX\tex/latex/subfig\sub
fig.sty
Package: subfig 2005/06/28 ver: 1.3 subfig package

(C:\Users\Gunther Husselmann\AppData\Local\Programs\MiKTeX\tex/latex/caption\ca
ption.sty
Package: caption 2022/03/01 v3.6b Customizing captions (AR)

(C:\Users\Gunther Husselmann\AppData\Local\Programs\MiKTeX\tex/latex/caption\ca
ption3.sty
Package: caption3 2022/03/17 v2.3b caption3 kernel (AR)
\caption@tempdima=\dimen261
\captionmargin=\dimen262
\caption@leftmargin=\dimen263
\caption@rightmargin=\dimen264
\caption@width=\dimen265
\caption@indent=\dimen266
\caption@parindent=\dimen267
\caption@hangindent=\dimen268
Package caption Info: Standard document class detected.
)
\c@caption@flags=\count290
\c@continuedfloat=\count291
)
\c@KVtest=\count292
\sf@farskip=\skip49
\sf@captopadj=\dimen269
\sf@capskip=\skip50
\sf@nearskip=\skip51
\c@subfigure=\count293
\c@subfigure@save=\count294
\c@lofdepth=\count295
\c@subtable=\count296
\c@subtable@save=\count297
\c@lotdepth=\count298
\sf@top=\skip52
\sf@bottom=\skip53
)
(C:\Users\Gunther Husselmann\AppData\Local\Programs\MiKTeX\tex/latex/float\floa
t.sty
Package: float 2001/11/08 v1.3d Float enhancements (AL)
\c@float@type=\count299
\float@exts=\toks34
\float@box=\box63
\@float@everytoks=\toks35
\@floatcapt=\box64
)
(C:\Users\Gunther Husselmann\AppData\Local\Programs\MiKTeX\tex/latex/placeins\p
laceins.sty
Package: placeins 2005/04/18  v 2.2
)
(C:\Users\Gunther Husselmann\AppData\Local\Programs\MiKTeX\tex/latex/blindtext\
blindtext.sty
Package: blindtext 2012/01/06 V2.0 blindtext-Package

(C:\Users\Gunther Husselmann\AppData\Local\Programs\MiKTeX\tex/latex/tools\xspa
ce.sty
Package: xspace 2014/10/28 v1.13 Space after command names (DPC,MH)
)
\c@blindtext=\count300
\c@Blindtext=\count301
\c@blind@countparstart=\count302
\blind@countxx=\count303
\blindtext@numBlindtext=\count304
\blind@countyy=\count305
\c@blindlist=\count306
\c@blindlistlevel=\count307
\c@blindlist@level=\count308
\blind@listitem=\count309
\c@blind@listcount=\count310
\c@blind@levelcount=\count311
\blind@mathformula=\count312
\blind@Mathformula=\count313
\c@blind@randomcount=\count314
\c@blind@randommax=\count315
\c@blind@pangramcount=\count316
\c@blind@pangrammax=\count317
)
(C:\Users\Gunther Husselmann\AppData\Local\Programs\MiKTeX\tex/latex/siunitx\si
unitx.sty
Package: siunitx 2022-05-03 v3.1.1 A comprehensive (SI) units package
\l__siunitx_angle_tmp_dim=\dimen270
\l__siunitx_angle_marker_box=\box65
\l__siunitx_angle_unit_box=\box66
\l__siunitx_compound_count_int=\count318

(C:\Users\Gunther Husselmann\AppData\Local\Programs\MiKTeX\tex/latex/translatio
ns\translations.sty
Package: translations 2022/02/05 v1.12 internationalization of LaTeX2e packages
 (CN)

(C:\Users\Gunther Husselmann\AppData\Local\Programs\MiKTeX\tex/latex/etoolbox\e
toolbox.sty
Package: etoolbox 2020/10/05 v2.5k e-TeX tools for LaTeX (JAW)
\etb@tempcnta=\count319
)
(C:\Users\Gunther Husselmann\AppData\Local\Programs\MiKTeX\tex/generic/pdftexcm
ds\pdftexcmds.sty
Package: pdftexcmds 2020-06-27 v0.33 Utility functions of pdfTeX for LuaTeX (HO
)

(C:\Users\Gunther Husselmann\AppData\Local\Programs\MiKTeX\tex/generic/infwarer
r\infwarerr.sty
Package: infwarerr 2019/12/03 v1.5 Providing info/warning/error messages (HO)
)
(C:\Users\Gunther Husselmann\AppData\Local\Programs\MiKTeX\tex/generic/ltxcmds\
ltxcmds.sty
Package: ltxcmds 2020-05-10 v1.25 LaTeX kernel commands for general use (HO)
)
Package pdftexcmds Info: \pdf@primitive is available.
Package pdftexcmds Info: \pdf@ifprimitive is available.
Package pdftexcmds Info: \pdfdraftmode found.
))
\l__siunitx_number_exponent_fixed_int=\count320
\l__siunitx_number_min_decimal_int=\count321
\l__siunitx_number_min_integer_int=\count322
\l__siunitx_number_round_precision_int=\count323
\l__siunitx_number_group_first_int=\count324
\l__siunitx_number_group_size_int=\count325
\l__siunitx_number_group_minimum_int=\count326

(C:\Users\Gunther Husselmann\AppData\Local\Programs\MiKTeX\tex/latex/amsmath\am
stext.sty
Package: amstext 2021/08/26 v2.01 AMS text

(C:\Users\Gunther Husselmann\AppData\Local\Programs\MiKTeX\tex/latex/amsmath\am
sgen.sty
File: amsgen.sty 1999/11/30 v2.0 generic functions
\@emptytoks=\toks36
\ex@=\dimen271
))
\l__siunitx_table_tmp_box=\box67
\l__siunitx_table_tmp_dim=\dimen272
\l__siunitx_table_column_width_dim=\dimen273
\l__siunitx_table_integer_box=\box68
\l__siunitx_table_decimal_box=\box69
\l__siunitx_table_before_box=\box70
\l__siunitx_table_after_box=\box71
\l__siunitx_table_before_dim=\dimen274
\l__siunitx_table_carry_dim=\dimen275
\l__siunitx_unit_tmp_int=\count327
\l__siunitx_unit_position_int=\count328
\l__siunitx_unit_total_int=\count329

(C:\Users\Gunther Husselmann\AppData\Local\Programs\MiKTeX\tex/latex/l3packages
/l3keys2e\l3keys2e.sty
(C:\Users\Gunther Husselmann\AppData\Local\Programs\MiKTeX\tex/latex/l3kernel\e
xpl3.sty
Package: expl3 2022-02-24 L3 programming layer (loader) 

(C:\Users\Gunther Husselmann\AppData\Local\Programs\MiKTeX\tex/latex/l3backend\
l3backend-pdftex.def
File: l3backend-pdftex.def 2022-02-07 L3 backend support: PDF output (pdfTeX)
\l__color_backend_stack_int=\count330
\l__pdf_internal_box=\box72
))
Package: l3keys2e 2022-01-12 LaTeX2e option processing using LaTeX3 keys
)
(C:\Users\Gunther Husselmann\AppData\Local\Programs\MiKTeX\tex/latex/tools\arra
y.sty
Package: array 2021/10/04 v2.5f Tabular extension package (FMi)
\col@sep=\dimen276
\ar@mcellbox=\box73
\extrarowheight=\dimen277
\NC@list=\toks37
\extratabsurround=\skip54
\backup@length=\skip55
\ar@cellbox=\box74
))
(C:\Users\Gunther Husselmann\AppData\Local\Programs\MiKTeX\tex/generic/pgfplots
/libs\tikzlibrarypgfplots.units.code.tex)
(C:\Users\Gunther Husselmann\AppData\Local\Programs\MiKTeX\tex/latex/pgf/fronte
ndlayer/libraries\tikzlibraryexternal.code.tex
(C:\Users\Gunther Husselmann\AppData\Local\Programs\MiKTeX\tex/latex/base\atver
yend-ltx.sty
Package: atveryend-ltx 2020/08/19 v1.0a Emulation of the original atveryend pac
kage
with kernel methods
)
(C:\Users\Gunther Husselmann\AppData\Local\Programs\MiKTeX\tex/generic/pgf/fron
tendlayer/tikz/libraries\tikzexternalshared.code.tex))
\openout3 = `legend.auxlock'.


(C:\Users\Gunther Husselmann\AppData\Local\Programs\MiKTeX\tex/latex/pgfplots\p
gfplotstable.sty
(C:\Users\Gunther Husselmann\AppData\Local\Programs\MiKTeX\tex/generic/pgfplots
\pgfplots.revision.tex)
Package: pgfplotstable 2021/05/15 v1.18.1 Table typesetting and Pretty-printing
 (1.18.1)

(C:\Users\Gunther Husselmann\AppData\Local\Programs\MiKTeX\tex/generic/pgfplots
/numtable\pgfplotstable.code.tex
(C:\Users\Gunther Husselmann\AppData\Local\Programs\MiKTeX\tex/generic/pgfplots
/numtable\pgfplotstable.coltype.code.tex)))
(C:\Users\Gunther Husselmann\AppData\Local\Programs\MiKTeX\tex/generic/pgfplots
/libs\tikzlibrarypgfplots.statistics.code.tex)
Package translations Info: No language package found. I am going to use `englis
h' as default language. on input line 20.
 (legend.aux)
\openout1 = `legend.aux'.

LaTeX Font Info:    Checking defaults for OML/cmm/m/it on input line 20.
LaTeX Font Info:    ... okay on input line 20.
LaTeX Font Info:    Checking defaults for OMS/cmsy/m/n on input line 20.
LaTeX Font Info:    ... okay on input line 20.
LaTeX Font Info:    Checking defaults for OT1/cmr/m/n on input line 20.
LaTeX Font Info:    ... okay on input line 20.
LaTeX Font Info:    Checking defaults for T1/cmr/m/n on input line 20.
LaTeX Font Info:    ... okay on input line 20.
LaTeX Font Info:    Checking defaults for TS1/cmr/m/n on input line 20.
LaTeX Font Info:    ... okay on input line 20.
LaTeX Font Info:    Checking defaults for OMX/cmex/m/n on input line 20.
LaTeX Font Info:    ... okay on input line 20.
LaTeX Font Info:    Checking defaults for U/cmr/m/n on input line 20.
LaTeX Font Info:    ... okay on input line 20.

(C:\Users\Gunther Husselmann\AppData\Local\Programs\MiKTeX\tex/context/base/mki
i\supp-pdf.mkii
[Loading MPS to PDF converter (version 2006.09.02).]
\scratchcounter=\count331
\scratchdimen=\dimen278
\scratchbox=\box75
\nofMPsegments=\count332
\nofMParguments=\count333
\everyMPshowfont=\toks38
\MPscratchCnt=\count334
\MPscratchDim=\dimen279
\MPnumerator=\count335
\makeMPintoPDFobject=\count336
\everyMPtoPDFconversion=\toks39
)
(C:\Users\Gunther Husselmann\AppData\Local\Programs\MiKTeX\tex/latex/epstopdf-p
kg\epstopdf-base.sty
Package: epstopdf-base 2020-01-24 v2.11 Base part for package epstopdf
Package epstopdf-base Info: Redefining graphics rule for `.eps' on input line 4
85.

(C:\Users\Gunther Husselmann\AppData\Local\Programs\MiKTeX\tex/latex/00miktex\e
pstopdf-sys.cfg
File: epstopdf-sys.cfg 2021/03/18 v2.0 Configuration of epstopdf for MiKTeX
))
Package pgfplots notification 'compat/show suggested version=true': document ha
s been generated with the most recent feature set (\pgfplotsset{compat=1.18}).

Package caption Info: Begin \AtBeginDocument code.
Package caption Info: subfig package v1.3 is loaded.
Package caption Info: float package is loaded.
Package caption Info: End \AtBeginDocument code.

(C:\Users\Gunther Husselmann\AppData\Local\Programs\MiKTeX\tex/latex/translatio
ns/dicts\translations-basic-dictionary-english.trsl
File: translations-basic-dictionary-english.trsl (english translation file `tra
nslations-basic-dictionary')
)
Package translations Info: loading dictionary `translations-basic-dictionary' f
or `english'. on input line 20.


! LaTeX Error: Something's wrong--perhaps a missing \item.

See the LaTeX manual or LaTeX Companion for explanation.
Type  H <return>  for immediate help.
 ...                                              
                                                  
l.22 \begin{figure}
                   [htb!] % final undominated attainment front
Try typing  <return>  to proceed.
If that doesn't work, type  X <return>  to quit.


! LaTeX Error: Something's wrong--perhaps a missing \item.

See the LaTeX manual or LaTeX Companion for explanation.
Type  H <return>  for immediate help.
 ...                                              
                                                  
l.22 \begin{figure}
                   [htb!] % final undominated attainment front
Try typing  <return>  to proceed.
If that doesn't work, type  X <return>  to quit.


! LaTeX Error: Something's wrong--perhaps a missing \item.

See the LaTeX manual or LaTeX Companion for explanation.
Type  H <return>  for immediate help.
 ...                                              
                                                  
l.22 \begin{figure}
                   [htb!] % final undominated attainment front
Try typing  <return>  to proceed.
If that doesn't work, type  X <return>  to quit.

\openout3 = `legend/UTRP_NSGAII_AF_compare_small_short.md5'.

\openout3 = `legend.auxlock'.

===== 'mode=convert with system call': Invoking 'pdflatex -halt-on-error -inter
action=batchmode -jobname "legend/"UTRP_NSGAII_AF_compare_small_short"" "\def\t
ikzexternalrealjob{legend}\input{legend}"' ========
runsystem(pdflatex -halt-on-error -interaction=batchmode -jobname "legend/"UTRP
_NSGAII_AF_compare_small_short"" "\def\tikzexternalrealjob{legend}\input{legend
}")...disabled (restricted).

\openout3 = `legend.auxlock'.


! Package tikz Error: Sorry, the system call 'pdflatex -halt-on-error -interact
ion=batchmode -jobname "legend/"UTRP_NSGAII_AF_compare_small_short"" "\def\tikz
externalrealjob{legend}\input{legend}"' did NOT result in a usable output file 
'legend/"UTRP_NSGAII_AF_compare_small_short"' (expected one of .pdf:.jpg:.jpeg:
.png:). Please verify that you have enabled system calls. For pdflatex, this is
 'pdflatex -shell-escape'. Sometimes it is also named 'write 18' or something l
ike that. Or maybe the command simply failed? Error messages can be found in 'l
egend/"UTRP_NSGAII_AF_compare_small_short".log'. If you continue now, I'll try 
to typeset the picture.

See the tikz package documentation for explanation.
Type  H <return>  for immediate help.
 ...                                              
                                                  
l.115 	\end{tikzpicture}
                        
This error message was generated by an \errmessage
command, so I can't give any explicit help.
Pretend that you're Hercule Poirot: Examine all clues,
and deduce the truth by order and method.

PGFPlots: reading {"../1_1_Mandl6_GA_Initial_solutions_20210715_222027 GA_Load_
supplementing_pop_0/Pop_initial.csv"}
PGFPlots: reading {"../1_1_Mandl6_GA_Initial_solutions_20210716_011400 GA_Load_
supplementing_pop_1/Pop_initial.csv"}
PGFPlots: reading {Validation_data/Ahmed_etal_2019.csv}
PGFPlots: reading {Validation_data/John_2016.csv}
PGFPlots: reading {Validation_data/John_etal_2014.csv}
PGFPlots: reading {Validation_data/Kilik_and_Gok_2014.csv}
PGFPlots: reading {Validation_data/Chew_etal_2013.csv}
PGFPlots: reading {Validation_data/Mumford_2013.csv}
LaTeX Font Info:    External font `cmex10' loaded for size
(Font)              <7> on input line 1.
LaTeX Font Info:    External font `cmex10' loaded for size
(Font)              <5> on input line 1.

! LaTeX Error: Something's wrong--perhaps a missing \item.

See the LaTeX manual or LaTeX Companion for explanation.
Type  H <return>  for immediate help.
 ...                                              
                                                  
l.116 	\end{figure}
                   
Try typing  <return>  to proceed.
If that doesn't work, type  X <return>  to quit.


! LaTeX Error: Something's wrong--perhaps a missing \item.

See the LaTeX manual or LaTeX Companion for explanation.
Type  H <return>  for immediate help.
 ...                                              
                                                  
l.116 	\end{figure}
                   
Try typing  <return>  to proceed.
If that doesn't work, type  X <return>  to quit.


! LaTeX Error: Something's wrong--perhaps a missing \item.

See the LaTeX manual or LaTeX Companion for explanation.
Type  H <return>  for immediate help.
 ...                                              
                                                  
l.116 	\end{figure}
                   
Try typing  <return>  to proceed.
If that doesn't work, type  X <return>  to quit.

[1

{C:/Users/Gunther Husselmann/AppData/Local/MiKTeX/fonts/map/pdftex/pdftex.map}]
 (legend.aux) ) 
Here is how much of TeX's memory you used:
 30092 strings out of 478582
 823698 string characters out of 2838173
 1289552 words of memory out of 3000000
 47827 multiletter control sequences out of 15000+600000
 469605 words of font info for 29 fonts, out of 8000000 for 9000
 1141 hyphenation exceptions out of 8191
 100i,18n,133p,2141b,2253s stack positions out of 10000i,1000n,20000p,200000b,80000s
<C:/Users/Gunther Husselmann/AppData/Local/Programs/MiKTeX/fonts
/type1/public/amsfonts/cm/cmr10.pfb><C:/Users/Gunther Husselmann/AppData/Local/
Programs/MiKTeX/fonts/type1/public/amsfonts/cm/cmti10.pfb>
Output written on legend.pdf (1 page, 56457 bytes).
PDF statistics:
 19 PDF objects out of 1000 (max. 8388607)
 0 named destinations out of 1000 (max. 500000)
 13 words of extra memory for PDF output out of 10000 (max. 10000000)

